app/build/outputs/logs/manifest-merger-debug-report.txt
-- Merging decision tree log ---
manifest
ADDED from src\main\AndroidManifest.xml:2:1-46:12
	xmlns:android
		ADDED from src\main\AndroidManifest.xml:2:11-69
	package
		ADDED from src\main\AndroidManifest.xml:3:5-40
		INJECTED from src\main\AndroidManifest.xml
		INJECTED from src\main\AndroidManifest.xml
	android:versionName
		ADDED from src\main\AndroidManifest.xml:5:5-30
		INJECTED from src\main\AndroidManifest.xml
		INJECTED from src\main\AndroidManifest.xml
	android:versionCode
		ADDED from src\main\AndroidManifest.xml:4:5-28
		INJECTED from src\main\AndroidManifest.xml
		INJECTED from src\main\AndroidManifest.xml
uses-sdk
ADDED from src\main\AndroidManifest.xml:7:5-43
MERGED from [com.android.support:support-v4:21.0.3] AndroidManifest.xml:15:5-42
	android:targetSdkVersion
		INJECTED from src\main\AndroidManifest.xml
		INJECTED from src\main\AndroidManifest.xml
	android:minSdkVersion
		ADDED from src\main\AndroidManifest.xml:7:15-40
		INJECTED from src\main\AndroidManifest.xml
		INJECTED from src\main\AndroidManifest.xml
uses-permission#android.permission.VIBRATE
ADDED from src\main\AndroidManifest.xml:8:5-65
	android:name
		ADDED from src\main\AndroidManifest.xml:8:22-63
permission#com.iit.testprovider.permission.READ_DATABASE
ADDED from src\main\AndroidManifest.xml:9:5-11:44
	android:protectionLevel
		ADDED from src\main\AndroidManifest.xml:11:9-41
	android:name
		ADDED from src\main\AndroidManifest.xml:10:9-69
permission#com.iit.testprovider.permission.WRITE_DATABASE
ADDED from src\main\AndroidManifest.xml:12:5-14:44
	android:protectionLevel
		ADDED from src\main\AndroidManifest.xml:14:9-41
	android:name
		ADDED from src\main\AndroidManifest.xml:13:9-70
application
ADDED from src\main\AndroidManifest.xml:16:5-44:19
MERGED from [com.android.support:support-v4:21.0.3] AndroidManifest.xml:16:5-19
	android:label
		ADDED from src\main\AndroidManifest.xml:19:9-41
	android:icon
		ADDED from src\main\AndroidManifest.xml:18:9-38
	android:theme
		ADDED from src\main\AndroidManifest.xml:20:9-40
	android:name
		ADDED from src\main\AndroidManifest.xml:17:9-48
activity#com.tmm.android.quizzGlid.MainActivity
ADDED from src\main\AndroidManifest.xml:21:9-29:20
	android:label
		ADDED from src\main\AndroidManifest.xml:23:13-45
	android:name
		ADDED from src\main\AndroidManifest.xml:22:13-41
intent-filter#android.intent.action.MAIN+android.intent.category.LAUNCHER
ADDED from src\main\AndroidManifest.xml:24:13-28:29
action#android.intent.action.MAIN
ADDED from src\main\AndroidManifest.xml:25:17-69
	android:name
		ADDED from src\main\AndroidManifest.xml:25:25-66
category#android.intent.category.LAUNCHER
ADDED from src\main\AndroidManifest.xml:27:17-77
	android:name
		ADDED from src\main\AndroidManifest.xml:27:27-74
activity#com.tmm.android.quizzGlid.QuizActivity
ADDED from src\main\AndroidManifest.xml:30:9-50
	android:name
		ADDED from src\main\AndroidManifest.xml:30:19-47
provider#com.tmm.android.quizzGlid.database.DBContentProvider
ADDED from src\main\AndroidManifest.xml:32:9-38:88
	android:multiprocess
		ADDED from src\main\AndroidManifest.xml:36:13-40
	android:exported
		ADDED from src\main\AndroidManifest.xml:35:13-36
	android:authorities
		ADDED from src\main\AndroidManifest.xml:34:13-70
	android:readPermission
		ADDED from src\main\AndroidManifest.xml:37:13-83
	android:name
		ADDED from src\main\AndroidManifest.xml:33:13-55
	android:writePermission
		ADDED from src\main\AndroidManifest.xml:38:13-85
service#com.tmm.android.quizzGlid.ServiceMusique
ADDED from src\main\AndroidManifest.xml:40:9-43:47
	android:exported
		ADDED from src\main\AndroidManifest.xml:43:13-36
	android:enabled
		ADDED from src\main\AndroidManifest.xml:42:13-35
	android:name
		ADDED from src\main\AndroidManifest.xml:41:13-43